{"numFailedTestSuites":0,"numFailedTests":0,"numPassedTestSuites":1,"numPassedTests":5,"numPendingTestSuites":0,"numPendingTests":0,"numRuntimeErrorTestSuites":0,"numTodoTests":0,"numTotalTestSuites":1,"numTotalTests":5,"openHandles":[],"snapshot":{"added":0,"didUpdate":false,"failure":false,"filesAdded":0,"filesRemoved":0,"filesRemovedList":[],"filesUnmatched":0,"filesUpdated":0,"matched":0,"total":0,"unchecked":0,"uncheckedKeysByFile":[],"unmatched":0,"updated":0},"startTime":1768865176981,"success":true,"testResults":[{"assertionResults":[{"ancestorTitles":["BlurayDiscoveryAdapter"],"duration":2,"failing":false,"failureDetails":[],"failureMessages":[],"fullName":"BlurayDiscoveryAdapter should be configured","invocations":1,"location":null,"numPassingAsserts":1,"retryReasons":[],"startAt":1768865177567,"status":"passed","title":"should be configured"},{"ancestorTitles":["BlurayDiscoveryAdapter"],"duration":11,"failing":false,"failureDetails":[],"failureMessages":[],"fullName":"BlurayDiscoveryAdapter should fetch new releases","invocations":1,"location":null,"numPassingAsserts":6,"retryReasons":[],"startAt":1768865177570,"status":"passed","title":"should fetch new releases"},{"ancestorTitles":["BlurayDiscoveryAdapter"],"duration":2,"failing":false,"failureDetails":[],"failureMessages":[],"fullName":"BlurayDiscoveryAdapter should fetch upcoming releases","invocations":1,"location":null,"numPassingAsserts":2,"retryReasons":[],"startAt":1768865177581,"status":"passed","title":"should fetch upcoming releases"},{"ancestorTitles":["BlurayDiscoveryAdapter"],"duration":15,"failing":false,"failureDetails":[],"failureMessages":[],"fullName":"BlurayDiscoveryAdapter should handle missing sections gracefully","invocations":1,"location":null,"numPassingAsserts":1,"retryReasons":[],"startAt":1768865177584,"status":"passed","title":"should handle missing sections gracefully"},{"ancestorTitles":["BlurayDiscoveryAdapter"],"duration":7,"failing":false,"failureDetails":[],"failureMessages":[],"fullName":"BlurayDiscoveryAdapter should handle fetch errors","invocations":1,"location":null,"numPassingAsserts":1,"retryReasons":[],"startAt":1768865177599,"status":"passed","title":"should handle fetch errors"}],"endTime":1768865177607,"message":"","name":"C:\\Users\\johna\\Documents\\Projects\\ShelvesAI\\api\\services\\discovery\\BlurayDiscoveryAdapter.test.js","startTime":1768865177037,"status":"passed","summary":""}],"wasInterrupted":false}
